\BOOKMARK [1][-]{section.1}{Introduction}{}% 1
\BOOKMARK [2][-]{subsection.1.1}{Example: Frequentist Estimation and Bayesian Estimation}{section.1}% 2
\BOOKMARK [1][-]{section.2}{Normal Distribution}{}% 3
\BOOKMARK [2][-]{subsection.2.1}{Maximum Likelihood Estimation}{section.2}% 4
\BOOKMARK [1][-]{section.3}{Wishart distribution}{}% 5
\BOOKMARK [2][-]{subsection.3.1}{Inverse-Wishart distribution}{section.3}% 6
\BOOKMARK [1][-]{section.4}{Schur Complement}{}% 7
\BOOKMARK [1][-]{section.5}{Block Matrices}{}% 8
\BOOKMARK [1][-]{section.6}{Concentration Graph Models}{}% 9
\BOOKMARK [2][-]{subsection.6.1}{Some concepts from graph theory}{section.6}% 10
\BOOKMARK [2][-]{subsection.6.2}{Model corresponding to the Concentration Graph}{section.6}% 11
\BOOKMARK [2][-]{subsection.6.3}{\(Negative\) Log Likelihood}{section.6}% 12
\BOOKMARK [2][-]{subsection.6.4}{Iterative Proportional Fitting \(IPF\)}{section.6}% 13
\BOOKMARK [2][-]{subsection.6.5}{Decomposable graphs}{section.6}% 14
\BOOKMARK [2][-]{subsection.6.6}{Iterative Partial Minimization\(IPM\)}{section.6}% 15
\BOOKMARK [2][-]{subsection.6.7}{Application of IPM to maximizing l*\(\)}{section.6}% 16
\BOOKMARK [2][-]{subsection.6.8}{Bayesian Inference for Concentration Graph Models}{section.6}% 17
\BOOKMARK [2][-]{subsection.6.9}{The G-Wishart distribution}{section.6}% 18
\BOOKMARK [2][-]{subsection.6.10}{Sampling from the G-Wishart if G is decomposable}{section.6}% 19
\BOOKMARK [2][-]{subsection.6.11}{Block Gibbs-Sampling for G-Wishart if G is not decomposable}{section.6}% 20
\BOOKMARK [2][-]{subsection.6.12}{Other Sampling Mechanisms for the G-Wishart}{section.6}% 21
\BOOKMARK [2][-]{subsection.6.13}{Independence Metropolis Algorithm}{section.6}% 22
\BOOKMARK [1][-]{section.7}{Covariance Graph Models}{}% 23
\BOOKMARK [2][-]{subsection.7.1}{Iterated Conditional Fitting \(ICF\)}{section.7}% 24
\BOOKMARK [2][-]{subsection.7.2}{Kauermann's Dual Estimation}{section.7}% 25
\BOOKMARK [2][-]{subsection.7.3}{The Inverse G-Wishart Distribution}{section.7}% 26
\BOOKMARK [2][-]{subsection.7.4}{Gibbs Sampling for GIW\(U,\)}{section.7}% 27
\BOOKMARK [2][-]{subsection.7.5}{Homogenous Graph}{section.7}% 28
\BOOKMARK [2][-]{subsection.7.6}{Closed form of mle}{section.7}% 29
\BOOKMARK [2][-]{subsection.7.7}{Direct sample from GIW\(U,\) for homogenous graphs}{section.7}% 30
\BOOKMARK [2][-]{subsection.7.8}{Graphical Lasso}{section.7}% 31
\BOOKMARK [2][-]{subsection.7.9}{SPACE algorithm}{section.7}% 32
\BOOKMARK [2][-]{subsection.7.10}{CONCORD algorithm}{section.7}% 33
